Using pre-set license
Built from '2020.2/staging' branch; Version is '2020.2.6f1 (8a2143876886) revision 9052483'; Using compiler version '192528614'; Build Type 'Release'
OS: 'Windows 10 Home; OS build 19043.1466; Version 2009; 64bit' Language: 'ru' Physical Memory: 15741 MB
BatchMode: 1, IsHumanControllingUs: 0, StartBugReporterOnCrash: 0, Is64bit: 1, IsPro: 0

 COMMAND LINE ARGUMENTS:
D:\Program\2020.2.6f1\Editor\Unity.exe
-adb2
-batchMode
-noUpm
-name
AssetImportWorker0
-projectPath
D:/BreakBallPrototype
-logFile
Logs/AssetImportWorker0.log
-srvPort
3456
Successfully changed project path to: D:/BreakBallPrototype
D:/BreakBallPrototype
Using Asset Import Pipeline V2.
Refreshing native plugins compatible for Editor in 47.86 ms, found 1 plugins.
Preloading 0 native plugins for Editor in 0.00 ms.
Initialize engine version: 2020.2.6f1 (8a2143876886)
[Subsystems] Discovering subsystems at path D:/Program/2020.2.6f1/Editor/Data/Resources/UnitySubsystems
[Subsystems] Discovering subsystems at path D:/BreakBallPrototype/Assets
GfxDevice: creating device client; threaded=0
Direct3D:
    Version:  Direct3D 11.0 [level 11.1]
    Renderer: AMD Radeon(TM) Graphics (ID=0x1636)
    Vendor:   
    VRAM:     7870 MB
    Driver:   27.20.11044.7
Initialize mono
Mono path[0] = 'D:/Program/2020.2.6f1/Editor/Data/Managed'
Mono path[1] = 'D:/Program/2020.2.6f1/Editor/Data/MonoBleedingEdge/lib/mono/unityjit'
Mono config path = 'D:/Program/2020.2.6f1/Editor/Data/MonoBleedingEdge/etc'
Using monoOptions --debugger-agent=transport=dt_socket,embedding=1,server=y,suspend=n,address=127.0.0.1:56648
Begin MonoManager ReloadAssembly
Registering precompiled unity dll's ...
Register platform support module: D:/Program/2020.2.6f1/Editor/Data/PlaybackEngines/WindowsStandaloneSupport/UnityEditor.WindowsStandalone.Extensions.dll
Registered in 0.000919 seconds.
Native extension for WindowsStandalone target not found
Refreshing native plugins compatible for Editor in 44.77 ms, found 1 plugins.
Preloading 0 native plugins for Editor in 0.00 ms.
Invoked RoslynAnalysisRunner static constructor.
RoslynAnalysisRunner will not be running.
RoslynAnalysisRunner has terminated.
Mono: successfully reloaded assembly
- Completed reload, in  1.967 seconds
Platform modules already initialized, skipping
Registering precompiled user dll's ...
Registered in 0.000847 seconds.
Begin MonoManager ReloadAssembly
Native extension for WindowsStandalone target not found
Refreshing native plugins compatible for Editor in 46.59 ms, found 1 plugins.
Preloading 0 native plugins for Editor in 0.00 ms.
Invoked RoslynAnalysisRunner static constructor.
RoslynAnalysisRunner will not be running.
RoslynAnalysisRunner has terminated.
Mono: successfully reloaded assembly
- Completed reload, in  0.972 seconds
Platform modules already initialized, skipping
========================================================================
Worker process is ready to serve import requests
Launched and connected shader compiler UnityShaderCompiler.exe after 0.05 seconds
Refreshing native plugins compatible for Editor in 0.70 ms, found 1 plugins.
Preloading 0 native plugins for Editor in 0.00 ms.
Unloading 2078 Unused Serialized files (Serialized files now loaded: 0)
System memory in use before: 94.4 MB.
System memory in use after: 94.5 MB.

Unloading 35 unused Assets to reduce memory usage. Loaded Objects now: 2512.
Total: 3.039700 ms (FindLiveObjects: 0.477900 ms CreateObjectMapping: 0.177300 ms MarkObjects: 2.298300 ms  DeleteObjects: 0.083300 ms)

========================================================================
Received Import Request.
  path: Assets/Scripts/AdsInitializer.cs
  artifactKey: Guid(0987996d2b66c7f4f8df3106af4a308a) Importer(815301076,1909f56bfc062723c751e8b465ee728b)
Start importing Assets/Scripts/AdsInitializer.cs using Guid(0987996d2b66c7f4f8df3106af4a308a) Importer(815301076,1909f56bfc062723c751e8b465ee728b)  -> (artifact id: '7424e1d723735dcc4e145b4ceff9d7ce') in 0.027099 seconds
  Import took 0.030453 seconds .

========================================================================
Received Prepare
Registering precompiled user dll's ...
Registered in 0.000826 seconds.
Begin MonoManager ReloadAssembly
Native extension for WindowsStandalone target not found
Refreshing native plugins compatible for Editor in 0.61 ms, found 1 plugins.
Preloading 0 native plugins for Editor in 0.00 ms.
Invoked RoslynAnalysisRunner static constructor.
RoslynAnalysisRunner will not be running.
RoslynAnalysisRunner has terminated.
Mono: successfully reloaded assembly
- Completed reload, in  0.836 seconds
Platform modules already initialized, skipping
Switching build target platform(5) subTarget(0) extendedPlatform(0) -> platform(13) subTarget(537395200) extendedPlatform(0)
Refreshing native plugins compatible for Editor in 0.57 ms, found 1 plugins.
Preloading 0 native plugins for Editor in 0.00 ms.
Unloading 2056 Unused Serialized files (Serialized files now loaded: 0)
System memory in use before: 92.8 MB.
System memory in use after: 92.9 MB.

Unloading 23 unused Assets to reduce memory usage. Loaded Objects now: 2515.
Total: 2.778000 ms (FindLiveObjects: 0.362400 ms CreateObjectMapping: 0.141200 ms MarkObjects: 2.244800 ms  DeleteObjects: 0.027200 ms)

AssetImportParameters requested are different than current active one (requested -> active):
  custom:graphics/normal-map-encoding: 01000000000000000000000000000000 -> 02000000000000000000000000000000
========================================================================
Received Import Request.
  Time since last request: 78.202980 seconds.
  path: Assets/Scripts/AdsInitializer.cs
  artifactKey: Guid(0987996d2b66c7f4f8df3106af4a308a) Importer(815301076,1909f56bfc062723c751e8b465ee728b)
Start importing Assets/Scripts/AdsInitializer.cs using Guid(0987996d2b66c7f4f8df3106af4a308a) Importer(815301076,1909f56bfc062723c751e8b465ee728b)  -> (artifact id: 'e746d4e3ed6ea09eb241e1d69a7e49f9') in 0.004766 seconds
  Import took 0.008636 seconds .

========================================================================
Received Import Request.
  Time since last request: 44.034697 seconds.
  path: Assets/Scripts/BannerAd.cs
  artifactKey: Guid(6e138acfc4f2df04b8ebd530ba46cf61) Importer(815301076,1909f56bfc062723c751e8b465ee728b)
Start importing Assets/Scripts/BannerAd.cs using Guid(6e138acfc4f2df04b8ebd530ba46cf61) Importer(815301076,1909f56bfc062723c751e8b465ee728b)  -> (artifact id: '9fdc0c91907fbcee14510faaee0d8d69') in 0.008095 seconds
  Import took 0.011931 seconds .

========================================================================
Received Prepare
Registering precompiled user dll's ...
Registered in 0.000815 seconds.
Begin MonoManager ReloadAssembly
Native extension for WindowsStandalone target not found
Refreshing native plugins compatible for Editor in 0.58 ms, found 1 plugins.
Preloading 0 native plugins for Editor in 0.00 ms.
Invoked RoslynAnalysisRunner static constructor.
RoslynAnalysisRunner will not be running.
RoslynAnalysisRunner has terminated.
Mono: successfully reloaded assembly
- Completed reload, in  0.910 seconds
Platform modules already initialized, skipping
Switching build target platform(5) subTarget(0) extendedPlatform(0) -> platform(13) subTarget(537395200) extendedPlatform(0)
Refreshing native plugins compatible for Editor in 0.90 ms, found 1 plugins.
Preloading 0 native plugins for Editor in 0.00 ms.
Unloading 2057 Unused Serialized files (Serialized files now loaded: 0)
System memory in use before: 92.9 MB.
System memory in use after: 93.0 MB.

Unloading 23 unused Assets to reduce memory usage. Loaded Objects now: 2519.
Total: 3.170000 ms (FindLiveObjects: 0.292800 ms CreateObjectMapping: 0.099300 ms MarkObjects: 2.750400 ms  DeleteObjects: 0.025900 ms)

AssetImportParameters requested are different than current active one (requested -> active):
  custom:graphics/normal-map-encoding: 01000000000000000000000000000000 -> 02000000000000000000000000000000
========================================================================
Received Prepare
Registering precompiled user dll's ...
Registered in 0.000818 seconds.
Begin MonoManager ReloadAssembly
Native extension for WindowsStandalone target not found
Refreshing native plugins compatible for Editor in 0.57 ms, found 1 plugins.
Preloading 0 native plugins for Editor in 0.00 ms.
Invoked RoslynAnalysisRunner static constructor.
RoslynAnalysisRunner will not be running.
RoslynAnalysisRunner has terminated.
Mono: successfully reloaded assembly
- Completed reload, in  0.877 seconds
Platform modules already initialized, skipping
Switching build target platform(5) subTarget(0) extendedPlatform(0) -> platform(13) subTarget(537395200) extendedPlatform(0)
Refreshing native plugins compatible for Editor in 0.57 ms, found 1 plugins.
Preloading 0 native plugins for Editor in 0.00 ms.
Unloading 2057 Unused Serialized files (Serialized files now loaded: 0)
System memory in use before: 92.9 MB.
System memory in use after: 93.0 MB.

Unloading 23 unused Assets to reduce memory usage. Loaded Objects now: 2522.
Total: 3.928000 ms (FindLiveObjects: 0.356200 ms CreateObjectMapping: 0.131300 ms MarkObjects: 3.397000 ms  DeleteObjects: 0.041600 ms)

AssetImportParameters requested are different than current active one (requested -> active):
  custom:graphics/normal-map-encoding: 01000000000000000000000000000000 -> 02000000000000000000000000000000
========================================================================
Received Import Request.
  Time since last request: 10.748880 seconds.
  path: Assets/Scripts/BannerAd.cs
  artifactKey: Guid(6e138acfc4f2df04b8ebd530ba46cf61) Importer(815301076,1909f56bfc062723c751e8b465ee728b)
Start importing Assets/Scripts/BannerAd.cs using Guid(6e138acfc4f2df04b8ebd530ba46cf61) Importer(815301076,1909f56bfc062723c751e8b465ee728b)  -> (artifact id: 'a796957b0d6e263de9ac72a343085479') in 0.007880 seconds
  Import took 0.013656 seconds .

========================================================================
Received Prepare
Registering precompiled user dll's ...
Registered in 0.000853 seconds.
Begin MonoManager ReloadAssembly
Native extension for WindowsStandalone target not found
Refreshing native plugins compatible for Editor in 0.59 ms, found 1 plugins.
Preloading 0 native plugins for Editor in 0.00 ms.
Invoked RoslynAnalysisRunner static constructor.
RoslynAnalysisRunner will not be running.
RoslynAnalysisRunner has terminated.
Mono: successfully reloaded assembly
- Completed reload, in  0.872 seconds
Platform modules already initialized, skipping
Switching build target platform(5) subTarget(0) extendedPlatform(0) -> platform(13) subTarget(537395200) extendedPlatform(0)
Refreshing native plugins compatible for Editor in 0.61 ms, found 1 plugins.
Preloading 0 native plugins for Editor in 0.00 ms.
Unloading 2057 Unused Serialized files (Serialized files now loaded: 0)
System memory in use before: 92.9 MB.
System memory in use after: 93.0 MB.

Unloading 23 unused Assets to reduce memory usage. Loaded Objects now: 2525.
Total: 2.605700 ms (FindLiveObjects: 0.356500 ms CreateObjectMapping: 0.124500 ms MarkObjects: 2.086700 ms  DeleteObjects: 0.036000 ms)

AssetImportParameters requested are different than current active one (requested -> active):
  custom:graphics/normal-map-encoding: 01000000000000000000000000000000 -> 02000000000000000000000000000000
========================================================================
Received Import Request.
  Time since last request: 91.251252 seconds.
  path: Assets/Scripts/BannerAd.cs
  artifactKey: Guid(6e138acfc4f2df04b8ebd530ba46cf61) Importer(815301076,1909f56bfc062723c751e8b465ee728b)
Start importing Assets/Scripts/BannerAd.cs using Guid(6e138acfc4f2df04b8ebd530ba46cf61) Importer(815301076,1909f56bfc062723c751e8b465ee728b)  -> (artifact id: '89566583e94f95fa1479257512f234cc') in 0.004786 seconds
  Import took 0.010724 seconds .

========================================================================
Received Prepare
Registering precompiled user dll's ...
Registered in 0.000836 seconds.
Begin MonoManager ReloadAssembly
Native extension for WindowsStandalone target not found
Refreshing native plugins compatible for Editor in 0.59 ms, found 1 plugins.
Preloading 0 native plugins for Editor in 0.00 ms.
Invoked RoslynAnalysisRunner static constructor.
RoslynAnalysisRunner will not be running.
RoslynAnalysisRunner has terminated.
Mono: successfully reloaded assembly
- Completed reload, in  0.833 seconds
Platform modules already initialized, skipping
Switching build target platform(5) subTarget(0) extendedPlatform(0) -> platform(13) subTarget(537395200) extendedPlatform(0)
Refreshing native plugins compatible for Editor in 0.57 ms, found 1 plugins.
Preloading 0 native plugins for Editor in 0.00 ms.
Unloading 2057 Unused Serialized files (Serialized files now loaded: 0)
System memory in use before: 92.9 MB.
System memory in use after: 93.0 MB.

Unloading 23 unused Assets to reduce memory usage. Loaded Objects now: 2528.
Total: 3.309800 ms (FindLiveObjects: 0.276600 ms CreateObjectMapping: 0.048700 ms MarkObjects: 2.945800 ms  DeleteObjects: 0.036100 ms)

AssetImportParameters requested are different than current active one (requested -> active):
  custom:graphics/normal-map-encoding: 01000000000000000000000000000000 -> 02000000000000000000000000000000
========================================================================
Received Prepare
Refreshing native plugins compatible for Editor in 4.47 ms, found 1 plugins.
Preloading 0 native plugins for Editor in 0.00 ms.
Unloading 20 Unused Serialized files (Serialized files now loaded: 0)
System memory in use before: 52.7 MB.
System memory in use after: 52.8 MB.

Unloading 20 unused Assets to reduce memory usage. Loaded Objects now: 2528.
Total: 2.706600 ms (FindLiveObjects: 0.325100 ms CreateObjectMapping: 0.064700 ms MarkObjects: 2.286500 ms  DeleteObjects: 0.027600 ms)

========================================================================
Received Prepare
Registering precompiled user dll's ...
Registered in 0.001300 seconds.
Begin MonoManager ReloadAssembly
Native extension for WindowsStandalone target not found
Refreshing native plugins compatible for Editor in 0.58 ms, found 1 plugins.
Preloading 0 native plugins for Editor in 0.00 ms.
Invoked RoslynAnalysisRunner static constructor.
RoslynAnalysisRunner will not be running.
RoslynAnalysisRunner has terminated.
Mono: successfully reloaded assembly
- Completed reload, in  0.840 seconds
Platform modules already initialized, skipping
Switching build target platform(5) subTarget(0) extendedPlatform(0) -> platform(13) subTarget(537395200) extendedPlatform(0)
Refreshing native plugins compatible for Editor in 0.57 ms, found 1 plugins.
Preloading 0 native plugins for Editor in 0.00 ms.
Unloading 2057 Unused Serialized files (Serialized files now loaded: 0)
System memory in use before: 92.9 MB.
System memory in use after: 93.0 MB.

Unloading 23 unused Assets to reduce memory usage. Loaded Objects now: 2531.
Total: 2.111200 ms (FindLiveObjects: 0.234300 ms CreateObjectMapping: 0.048200 ms MarkObjects: 1.801100 ms  DeleteObjects: 0.026600 ms)

AssetImportParameters requested are different than current active one (requested -> active):
  custom:graphics/normal-map-encoding: 01000000000000000000000000000000 -> 02000000000000000000000000000000
========================================================================
Received Import Request.
  Time since last request: 1079.095111 seconds.
  path: Assets/Particle/+10.png
  artifactKey: Guid(c0e02b8fd43192a45b005fa733146772) Importer(815301076,1909f56bfc062723c751e8b465ee728b)
Start importing Assets/Particle/+10.png using Guid(c0e02b8fd43192a45b005fa733146772) Importer(815301076,1909f56bfc062723c751e8b465ee728b)  -> (artifact id: 'e4a6b94d3ab334cf6de3767394b5bf7a') in 0.179100 seconds
  Import took 0.183767 seconds .

========================================================================
Received Import Request.
  Time since last request: 0.000207 seconds.
  path: Assets/UI/Group 136 (1).png
  artifactKey: Guid(9c2c0e3042a81264eb42395468ed527c) Importer(815301076,1909f56bfc062723c751e8b465ee728b)
Start importing Assets/UI/Group 136 (1).png using Guid(9c2c0e3042a81264eb42395468ed527c) Importer(815301076,1909f56bfc062723c751e8b465ee728b)  -> (artifact id: '91546d858eab66d7061477b3a6ae0dfd') in 0.016025 seconds
  Import took 0.019620 seconds .

========================================================================
Received Import Request.
  Time since last request: 0.000206 seconds.
  path: Assets/UI/Skins/Skins/Earth.png
  artifactKey: Guid(0592417b13f90db4eb912b2955610dad) Importer(815301076,1909f56bfc062723c751e8b465ee728b)
Start importing Assets/UI/Skins/Skins/Earth.png using Guid(0592417b13f90db4eb912b2955610dad) Importer(815301076,1909f56bfc062723c751e8b465ee728b)  -> (artifact id: '65e26967a443b64aab6b1dc7a3818b27') in 0.015248 seconds
  Import took 0.018429 seconds .

========================================================================
Received Import Request.
  Time since last request: 0.000276 seconds.
  path: Assets/Particle/Group 177.png
  artifactKey: Guid(0a9be150f80932449bc7ff35cce89e68) Importer(815301076,1909f56bfc062723c751e8b465ee728b)
Start importing Assets/Particle/Group 177.png using Guid(0a9be150f80932449bc7ff35cce89e68) Importer(815301076,1909f56bfc062723c751e8b465ee728b)  -> (artifact id: '2ca58024c8b18c8fd2ca16c1fcae8284') in 0.014314 seconds
  Import took 0.017704 seconds .

========================================================================
Received Import Request.
  Time since last request: 0.000292 seconds.
  path: Assets/UI/Skins/UISkins/Group 227.png
  artifactKey: Guid(6bf105c53399c0f4da8e8025ffff95af) Importer(815301076,1909f56bfc062723c751e8b465ee728b)
Start importing Assets/UI/Skins/UISkins/Group 227.png using Guid(6bf105c53399c0f4da8e8025ffff95af) Importer(815301076,1909f56bfc062723c751e8b465ee728b)  -> (artifact id: '3b03e499dd1fa433842706a05710828a') in 0.018002 seconds
  Import took 0.022826 seconds .

========================================================================
Received Import Request.
  Time since last request: 0.000213 seconds.
  path: Assets/Sprites/Group 131.png
  artifactKey: Guid(a1f4796df703d704db1f13205462ae0f) Importer(815301076,1909f56bfc062723c751e8b465ee728b)
Start importing Assets/Sprites/Group 131.png using Guid(a1f4796df703d704db1f13205462ae0f) Importer(815301076,1909f56bfc062723c751e8b465ee728b)  -> (artifact id: 'bce7be9264c65a0d3cc653ea1f4c9832') in 0.011127 seconds
  Import took 0.014832 seconds .

========================================================================
Received Import Request.
  Time since last request: 0.000254 seconds.
  path: Assets/UI/EndGamePanel/Group 179.png
  artifactKey: Guid(fce4522209934ab45befd3cc733936ee) Importer(815301076,1909f56bfc062723c751e8b465ee728b)
Start importing Assets/UI/EndGamePanel/Group 179.png using Guid(fce4522209934ab45befd3cc733936ee) Importer(815301076,1909f56bfc062723c751e8b465ee728b)  -> (artifact id: '9f263bbfb467e5850b4b4ea9ce64aa9f') in 0.016854 seconds
  Import took 0.021351 seconds .

========================================================================
Received Import Request.
  Time since last request: 0.000226 seconds.
  path: Assets/UI/Skins/UISkins/Group 234.png
  artifactKey: Guid(97ac7aa4f40de3a4ca7268f80368bcc2) Importer(815301076,1909f56bfc062723c751e8b465ee728b)
Start importing Assets/UI/Skins/UISkins/Group 234.png using Guid(97ac7aa4f40de3a4ca7268f80368bcc2) Importer(815301076,1909f56bfc062723c751e8b465ee728b)  -> (artifact id: '66a6c3bfddb0b9c3c9c4fe2f28e965fc') in 0.013985 seconds
  Import took 0.017129 seconds .

========================================================================
Received Import Request.
  Time since last request: 0.000190 seconds.
  path: Assets/Sprites/Android Large - 11 (1).png
  artifactKey: Guid(0e65259adc2034d46946b4130e4f845a) Importer(815301076,1909f56bfc062723c751e8b465ee728b)
Start importing Assets/Sprites/Android Large - 11 (1).png using Guid(0e65259adc2034d46946b4130e4f845a) Importer(815301076,1909f56bfc062723c751e8b465ee728b)  -> (artifact id: 'f90537beae650ec95b3316b2e1d68ada') in 0.024730 seconds
  Import took 0.029195 seconds .

========================================================================
Received Import Request.
  Time since last request: 0.000247 seconds.
  path: Assets/UI/Skins/Skins/bassketboll.png
  artifactKey: Guid(91fdeea4e58d1cb46b13eb871b65e8c9) Importer(815301076,1909f56bfc062723c751e8b465ee728b)
Start importing Assets/UI/Skins/Skins/bassketboll.png using Guid(91fdeea4e58d1cb46b13eb871b65e8c9) Importer(815301076,1909f56bfc062723c751e8b465ee728b)  -> (artifact id: '0f5f57a63e4f2ef396b882a659bbc69d') in 0.015131 seconds
  Import took 0.018627 seconds .

========================================================================
Received Import Request.
  Time since last request: 0.000228 seconds.
  path: Assets/UI/consentrationPoint.png
  artifactKey: Guid(a7046829cda8a804ebbf1a52bf566941) Importer(815301076,1909f56bfc062723c751e8b465ee728b)
Start importing Assets/UI/consentrationPoint.png using Guid(a7046829cda8a804ebbf1a52bf566941) Importer(815301076,1909f56bfc062723c751e8b465ee728b)  -> (artifact id: '4e88861bcb4bff99d7f5da780a0c097b') in 0.013915 seconds
  Import took 0.017364 seconds .

========================================================================
Received Import Request.
  Time since last request: 0.000244 seconds.
  path: Assets/Particle/Group 136.png
  artifactKey: Guid(48f360037580ca54097ce75782c143f9) Importer(815301076,1909f56bfc062723c751e8b465ee728b)
Start importing Assets/Particle/Group 136.png using Guid(48f360037580ca54097ce75782c143f9) Importer(815301076,1909f56bfc062723c751e8b465ee728b)  -> (artifact id: '496309050cfdd901a48b21c15f6e59d5') in 0.019866 seconds
  Import took 0.023832 seconds .

========================================================================
Received Import Request.
  Time since last request: 0.000397 seconds.
  path: Assets/Sprites/TakeColorSprites/Ellipse 20.png
  artifactKey: Guid(88bb47e813772ea42bbfdc9b4d843e26) Importer(815301076,1909f56bfc062723c751e8b465ee728b)
Start importing Assets/Sprites/TakeColorSprites/Ellipse 20.png using Guid(88bb47e813772ea42bbfdc9b4d843e26) Importer(815301076,1909f56bfc062723c751e8b465ee728b)  -> (artifact id: '69143c4e91964e3b695dd025812c949d') in 0.011625 seconds
  Import took 0.016279 seconds .

========================================================================
Received Import Request.
  Time since last request: 0.000239 seconds.
  path: Assets/UI/Skins/Skins/balloon.png
  artifactKey: Guid(d1b658e27648c404c9d562902c3a2b5e) Importer(815301076,1909f56bfc062723c751e8b465ee728b)
Start importing Assets/UI/Skins/Skins/balloon.png using Guid(d1b658e27648c404c9d562902c3a2b5e) Importer(815301076,1909f56bfc062723c751e8b465ee728b)  -> (artifact id: '19937d0f1f51fed9f2de0a7c6dddf7e0') in 0.017147 seconds
  Import took 0.021189 seconds .

========================================================================
Received Import Request.
  Time since last request: 0.000279 seconds.
  path: Assets/Particle/Defend 2.png
  artifactKey: Guid(efb1e67088bb9aa4eb5914a36d6e820a) Importer(815301076,1909f56bfc062723c751e8b465ee728b)
Start importing Assets/Particle/Defend 2.png using Guid(efb1e67088bb9aa4eb5914a36d6e820a) Importer(815301076,1909f56bfc062723c751e8b465ee728b)  -> (artifact id: '11fd7f3f99e1d7dabd08ce04c797717f') in 0.012068 seconds
  Import took 0.015712 seconds .

========================================================================
Received Import Request.
  Time since last request: 0.000220 seconds.
  path: Assets/UI/Musik.png
  artifactKey: Guid(5197298b531a1ea4ebec33ee8750cbfd) Importer(815301076,1909f56bfc062723c751e8b465ee728b)
Start importing Assets/UI/Musik.png using Guid(5197298b531a1ea4ebec33ee8750cbfd) Importer(815301076,1909f56bfc062723c751e8b465ee728b)  -> (artifact id: '669d92ec88bac2b5a5726bde8199f0ee') in 0.011664 seconds
  Import took 0.015106 seconds .

========================================================================
Received Import Request.
  Time since last request: 0.000247 seconds.
  path: Assets/Sprites/Group 132.png
  artifactKey: Guid(b70c72e62522ecc449a6245db45a8401) Importer(815301076,1909f56bfc062723c751e8b465ee728b)
Start importing Assets/Sprites/Group 132.png using Guid(b70c72e62522ecc449a6245db45a8401) Importer(815301076,1909f56bfc062723c751e8b465ee728b)  -> (artifact id: '130c36ad9f1e71908a2c79b3596c8a30') in 0.014225 seconds
  Import took 0.018117 seconds .

========================================================================
Received Import Request.
  Time since last request: 0.000224 seconds.
  path: Assets/Particle/Defend 4.png
  artifactKey: Guid(2c72721c61f54144f8efe575c3d0379b) Importer(815301076,1909f56bfc062723c751e8b465ee728b)
Start importing Assets/Particle/Defend 4.png using Guid(2c72721c61f54144f8efe575c3d0379b) Importer(815301076,1909f56bfc062723c751e8b465ee728b)  -> (artifact id: 'ab45e90a8d6b63cc70c26e2c9be8ac69') in 0.020081 seconds
  Import took 0.023877 seconds .

========================================================================
Received Import Request.
  Time since last request: 0.000248 seconds.
  path: Assets/Sprites/background/plane.png
  artifactKey: Guid(d437c9446b5935b4291fa5703a5f8771) Importer(815301076,1909f56bfc062723c751e8b465ee728b)
Start importing Assets/Sprites/background/plane.png using Guid(d437c9446b5935b4291fa5703a5f8771) Importer(815301076,1909f56bfc062723c751e8b465ee728b)  -> (artifact id: '618d773d36426d59a296a4a3fab1c1bf') in 0.018960 seconds
  Import took 0.023664 seconds .

========================================================================
Received Import Request.
  Time since last request: 0.000244 seconds.
  path: Assets/UI/Skins/UISkins/Group 237.png
  artifactKey: Guid(187e20d070066394c95e0c080a920274) Importer(815301076,1909f56bfc062723c751e8b465ee728b)
Start importing Assets/UI/Skins/UISkins/Group 237.png using Guid(187e20d070066394c95e0c080a920274) Importer(815301076,1909f56bfc062723c751e8b465ee728b)  -> (artifact id: '0051b05e1a471c40f6f92b55c18fbd53') in 0.012430 seconds
  Import took 0.016722 seconds .

========================================================================
Received Import Request.
  Time since last request: 0.000421 seconds.
  path: Assets/UI/Skins/Skins/eay.png
  artifactKey: Guid(a84a9e929b26d414fb9c8ed40e4d584d) Importer(815301076,1909f56bfc062723c751e8b465ee728b)
Start importing Assets/UI/Skins/Skins/eay.png using Guid(a84a9e929b26d414fb9c8ed40e4d584d) Importer(815301076,1909f56bfc062723c751e8b465ee728b)  -> (artifact id: '13f60ada4c6bbaaae32178b403ec48ff') in 0.018742 seconds
  Import took 0.022896 seconds .

========================================================================
Received Import Request.
  Time since last request: 0.000239 seconds.
  path: Assets/Sprites/destroyer.png
  artifactKey: Guid(bdb1bf26f9c5c0746a1e1e2bbb0b215f) Importer(815301076,1909f56bfc062723c751e8b465ee728b)
Start importing Assets/Sprites/destroyer.png using Guid(bdb1bf26f9c5c0746a1e1e2bbb0b215f) Importer(815301076,1909f56bfc062723c751e8b465ee728b)  -> (artifact id: '7490215d20204fb72fd0652c90965cbb') in 0.017803 seconds
  Import took 0.021372 seconds .

========================================================================
Received Import Request.
  Time since last request: 0.000224 seconds.
  path: Assets/UI/Skins/UISkins/Group 228.png
  artifactKey: Guid(284596d35545036468363ff5388ee887) Importer(815301076,1909f56bfc062723c751e8b465ee728b)
Start importing Assets/UI/Skins/UISkins/Group 228.png using Guid(284596d35545036468363ff5388ee887) Importer(815301076,1909f56bfc062723c751e8b465ee728b)  -> (artifact id: 'e4601a5877b65d999910c62c3de8daa4') in 0.012319 seconds
  Import took 0.016449 seconds .

========================================================================
Received Import Request.
  Time since last request: 0.000592 seconds.
  path: Assets/UI/Skins/UISkins/Group 241.png
  artifactKey: Guid(50dea70311ead3c4681834888773f40f) Importer(815301076,1909f56bfc062723c751e8b465ee728b)
Start importing Assets/UI/Skins/UISkins/Group 241.png using Guid(50dea70311ead3c4681834888773f40f) Importer(815301076,1909f56bfc062723c751e8b465ee728b)  -> (artifact id: '57d62fce4aac46c77daf409232d78d5b') in 0.011645 seconds
  Import took 0.016605 seconds .

========================================================================
Received Import Request.
  Time since last request: 0.000257 seconds.
  path: Assets/UI/Skins/UISkins/Group 223.png
  artifactKey: Guid(6c733fe8d2d3b5e43b70f433efa75421) Importer(815301076,1909f56bfc062723c751e8b465ee728b)
Start importing Assets/UI/Skins/UISkins/Group 223.png using Guid(6c733fe8d2d3b5e43b70f433efa75421) Importer(815301076,1909f56bfc062723c751e8b465ee728b)  -> (artifact id: '1aeb473086a2a9d4bd5d51c9af659d5b') in 0.011532 seconds
  Import took 0.015450 seconds .

========================================================================
Received Import Request.
  Time since last request: 0.000227 seconds.
  path: Assets/UI/Skins/UISkins/Group 226.png
  artifactKey: Guid(38f53ab8f5e9c114a96b7fed7b649355) Importer(815301076,1909f56bfc062723c751e8b465ee728b)
Start importing Assets/UI/Skins/UISkins/Group 226.png using Guid(38f53ab8f5e9c114a96b7fed7b649355) Importer(815301076,1909f56bfc062723c751e8b465ee728b)  -> (artifact id: 'e866aea1ab78dfaf09a590e603f8ddaa') in 0.019908 seconds
  Import took 0.023934 seconds .

========================================================================
Received Import Request.
  Time since last request: 0.000198 seconds.
  path: Assets/Sprites/background/planet.png
  artifactKey: Guid(c9708efd559cf894bac8bb7d9c3d76f6) Importer(815301076,1909f56bfc062723c751e8b465ee728b)
Start importing Assets/Sprites/background/planet.png using Guid(c9708efd559cf894bac8bb7d9c3d76f6) Importer(815301076,1909f56bfc062723c751e8b465ee728b)  -> (artifact id: '596d35d70dc6d983a8afb6ebdb8d97cd') in 0.017765 seconds
  Import took 0.021184 seconds .

========================================================================
Received Import Request.
  Time since last request: 0.000247 seconds.
  path: Assets/UI/Skins/Skins/Ellipse 1.png
  artifactKey: Guid(159f3993b7954fa42892826376fd1fc8) Importer(815301076,1909f56bfc062723c751e8b465ee728b)
Start importing Assets/UI/Skins/Skins/Ellipse 1.png using Guid(159f3993b7954fa42892826376fd1fc8) Importer(815301076,1909f56bfc062723c751e8b465ee728b)  -> (artifact id: '1b1acfe369e3e0be6dd7a1b14d4de86c') in 0.013279 seconds
  Import took 0.017584 seconds .

========================================================================
Received Import Request.
  Time since last request: 0.000250 seconds.
  path: Assets/UI/Skins/UISkins/FirstSkin.png
  artifactKey: Guid(33fa2ef6568a85c47aa99d133e96270d) Importer(815301076,1909f56bfc062723c751e8b465ee728b)
Start importing Assets/UI/Skins/UISkins/FirstSkin.png using Guid(33fa2ef6568a85c47aa99d133e96270d) Importer(815301076,1909f56bfc062723c751e8b465ee728b)  -> (artifact id: '27d1e2e87f76992844df043b536e34e9') in 0.013717 seconds
  Import took 0.017889 seconds .

========================================================================
Received Import Request.
  Time since last request: 0.000201 seconds.
  path: Assets/UI/Skins/Skins/Cloud.png
  artifactKey: Guid(4782382ef38ef0e45819e23ee922abcf) Importer(815301076,1909f56bfc062723c751e8b465ee728b)
Start importing Assets/UI/Skins/Skins/Cloud.png using Guid(4782382ef38ef0e45819e23ee922abcf) Importer(815301076,1909f56bfc062723c751e8b465ee728b)  -> (artifact id: '57f43cf0b184163b476c074fa4bcb27b') in 0.016095 seconds
  Import took 0.019947 seconds .

========================================================================
Received Import Request.
  Time since last request: 0.000374 seconds.
  path: Assets/UI/Skins/UISkins/Group 238.png
  artifactKey: Guid(045db7c5ed1951544b8984b543f5362f) Importer(815301076,1909f56bfc062723c751e8b465ee728b)
Start importing Assets/UI/Skins/UISkins/Group 238.png using Guid(045db7c5ed1951544b8984b543f5362f) Importer(815301076,1909f56bfc062723c751e8b465ee728b)  -> (artifact id: 'a32f97ee71647b1b6d722410f83980b5') in 0.015831 seconds
  Import took 0.020622 seconds .

========================================================================
Received Import Request.
  Time since last request: 0.000311 seconds.
  path: Assets/UI/Skins/Skins/compass.png
  artifactKey: Guid(0b5751a813b38c840aa1e44c85d34092) Importer(815301076,1909f56bfc062723c751e8b465ee728b)
Start importing Assets/UI/Skins/Skins/compass.png using Guid(0b5751a813b38c840aa1e44c85d34092) Importer(815301076,1909f56bfc062723c751e8b465ee728b)  -> (artifact id: 'c53efda8bf18cbaaea5de1d2227ff73e') in 0.017022 seconds
  Import took 0.021195 seconds .

========================================================================
Received Import Request.
  Time since last request: 0.000202 seconds.
  path: Assets/UI/Skins/UISkins/Group 232.png
  artifactKey: Guid(d26b2754014ca644aa9f5dc7678e8de8) Importer(815301076,1909f56bfc062723c751e8b465ee728b)
Start importing Assets/UI/Skins/UISkins/Group 232.png using Guid(d26b2754014ca644aa9f5dc7678e8de8) Importer(815301076,1909f56bfc062723c751e8b465ee728b)  -> (artifact id: '8928d11dfc436b4ce222384984529067') in 0.015300 seconds
  Import took 0.019189 seconds .

========================================================================
Received Import Request.
  Time since last request: 0.000218 seconds.
  path: Assets/Particle/+10.png
  artifactKey: Guid(c0e02b8fd43192a45b005fa733146772) Importer(815301076,1909f56bfc062723c751e8b465ee728b)
Start importing Assets/Particle/+10.png using Guid(c0e02b8fd43192a45b005fa733146772) Importer(815301076,1909f56bfc062723c751e8b465ee728b)  -> (artifact id: 'e4a6b94d3ab334cf6de3767394b5bf7a') in 0.010225 seconds
  Import took 0.013477 seconds .

========================================================================
Received Import Request.
  Time since last request: 0.000226 seconds.
  path: Assets/Particle/Ellipse 337.png
  artifactKey: Guid(258f7c03a4a9be449b1426f106483e54) Importer(815301076,1909f56bfc062723c751e8b465ee728b)
Start importing Assets/Particle/Ellipse 337.png using Guid(258f7c03a4a9be449b1426f106483e54) Importer(815301076,1909f56bfc062723c751e8b465ee728b)  -> (artifact id: 'd5f5d71e4cc5dbd1a609f11873d3ffe4') in 0.013219 seconds
  Import took 0.016608 seconds .

========================================================================
Received Import Request.
  Time since last request: 0.000394 seconds.
  path: Assets/UI/DestroyObject.png
  artifactKey: Guid(c90493f633b66344a9120546490de7d8) Importer(815301076,1909f56bfc062723c751e8b465ee728b)
Start importing Assets/UI/DestroyObject.png using Guid(c90493f633b66344a9120546490de7d8) Importer(815301076,1909f56bfc062723c751e8b465ee728b)  -> (artifact id: '8d2c4b9d3235c6a4e276575892e0d4d0') in 0.019583 seconds
  Import took 0.023424 seconds .

========================================================================
Received Import Request.
  Time since last request: 0.000276 seconds.
  path: Assets/UI/Skins/UISkins/Group 230.png
  artifactKey: Guid(5e1afccd1517c3e4ab8f045c5faa5d67) Importer(815301076,1909f56bfc062723c751e8b465ee728b)
Start importing Assets/UI/Skins/UISkins/Group 230.png using Guid(5e1afccd1517c3e4ab8f045c5faa5d67) Importer(815301076,1909f56bfc062723c751e8b465ee728b)  -> (artifact id: '578145cedb6ba510b75966aaa0ba52d1') in 0.012297 seconds
  Import took 0.016175 seconds .

========================================================================
Received Import Request.
  Time since last request: 0.000261 seconds.
  path: Assets/UI/Skins/UISkins/Group 240.png
  artifactKey: Guid(5dde4cee20e774a4480c5dea53d0a305) Importer(815301076,1909f56bfc062723c751e8b465ee728b)
Start importing Assets/UI/Skins/UISkins/Group 240.png using Guid(5dde4cee20e774a4480c5dea53d0a305) Importer(815301076,1909f56bfc062723c751e8b465ee728b)  -> (artifact id: 'b21fd350c4725760928f1cb91b36668e') in 0.015941 seconds
  Import took 0.019923 seconds .

========================================================================
Received Import Request.
  Time since last request: 0.000281 seconds.
  path: Assets/UI/Skins/UISkins/Group 224.png
  artifactKey: Guid(73aeabc85a3b945479cfed4db5e1c82f) Importer(815301076,1909f56bfc062723c751e8b465ee728b)
Start importing Assets/UI/Skins/UISkins/Group 224.png using Guid(73aeabc85a3b945479cfed4db5e1c82f) Importer(815301076,1909f56bfc062723c751e8b465ee728b)  -> (artifact id: 'cdc656a42342f678387b1ab84e64fbf3') in 0.012179 seconds
  Import took 0.015587 seconds .

========================================================================
Received Import Request.
  Time since last request: 0.000188 seconds.
  path: Assets/UI/settingBtn.png
  artifactKey: Guid(85cedd7dddaacfe45ba057f08c77dc23) Importer(815301076,1909f56bfc062723c751e8b465ee728b)
Start importing Assets/UI/settingBtn.png using Guid(85cedd7dddaacfe45ba057f08c77dc23) Importer(815301076,1909f56bfc062723c751e8b465ee728b)  -> (artifact id: '6c4f3249393307f4a5bebe26075d72ed') in 0.012813 seconds
  Import took 0.016301 seconds .

========================================================================
Received Import Request.
  Time since last request: 0.000274 seconds.
  path: Assets/Sprites/background/asteroid.png
  artifactKey: Guid(422aa9bca34aaf24cb3d5e141f722839) Importer(815301076,1909f56bfc062723c751e8b465ee728b)
Start importing Assets/Sprites/background/asteroid.png using Guid(422aa9bca34aaf24cb3d5e141f722839) Importer(815301076,1909f56bfc062723c751e8b465ee728b)  -> (artifact id: '86cf90c21c810707775270ce990cb730') in 0.018395 seconds
  Import took 0.022784 seconds .

========================================================================
Received Import Request.
  Time since last request: 0.000257 seconds.
  path: Assets/UI/ErrorIcon.png
  artifactKey: Guid(e541031b0a50b75478afd5fc7a8176e0) Importer(815301076,1909f56bfc062723c751e8b465ee728b)
Start importing Assets/UI/ErrorIcon.png using Guid(e541031b0a50b75478afd5fc7a8176e0) Importer(815301076,1909f56bfc062723c751e8b465ee728b)  -> (artifact id: '2eb16610265cf564282bed1e77bb2938') in 0.013631 seconds
  Import took 0.018153 seconds .

========================================================================
Received Import Request.
  Time since last request: 0.001347 seconds.
  path: Assets/UI/Skins/UISkins/Group 233.png
  artifactKey: Guid(d3a32942b38835c4a9e3ebd662ee9be4) Importer(815301076,1909f56bfc062723c751e8b465ee728b)
Start importing Assets/UI/Skins/UISkins/Group 233.png using Guid(d3a32942b38835c4a9e3ebd662ee9be4) Importer(815301076,1909f56bfc062723c751e8b465ee728b)  -> (artifact id: '1224c0fcb0013486785fad3f3792c247') in 0.015753 seconds
  Import took 0.019688 seconds .

========================================================================
Received Import Request.
  Time since last request: 0.000334 seconds.
  path: Assets/Particle/blakhole 2.png
  artifactKey: Guid(3d343177ece9d5746965836874dd1dbd) Importer(815301076,1909f56bfc062723c751e8b465ee728b)
Start importing Assets/Particle/blakhole 2.png using Guid(3d343177ece9d5746965836874dd1dbd) Importer(815301076,1909f56bfc062723c751e8b465ee728b)  -> (artifact id: '5cab4e87c0258833851a3dd489017d30') in 0.016894 seconds
  Import took 0.021492 seconds .

========================================================================
Received Import Request.
  Time since last request: 0.000279 seconds.
  path: Assets/UI/Skins/Skins/medal.png
  artifactKey: Guid(cd918dbaa23d33d46a55f94e755a2e5b) Importer(815301076,1909f56bfc062723c751e8b465ee728b)
Start importing Assets/UI/Skins/Skins/medal.png using Guid(cd918dbaa23d33d46a55f94e755a2e5b) Importer(815301076,1909f56bfc062723c751e8b465ee728b)  -> (artifact id: '9ab655726b83a57271531c9e8f307148') in 0.017077 seconds
  Import took 0.021405 seconds .

========================================================================
Received Import Request.
  Time since last request: 0.000420 seconds.
  path: Assets/Particle/Polygon 2 (2).png
  artifactKey: Guid(e6b45d662aaea284ead13aed7f6fc48e) Importer(815301076,1909f56bfc062723c751e8b465ee728b)
Start importing Assets/Particle/Polygon 2 (2).png using Guid(e6b45d662aaea284ead13aed7f6fc48e) Importer(815301076,1909f56bfc062723c751e8b465ee728b)  -> (artifact id: 'dbc14adc9480080366a12694b2fe61e7') in 0.013507 seconds
  Import took 0.017523 seconds .

========================================================================
Received Import Request.
  Time since last request: 0.000199 seconds.
  path: Assets/UI/StateSprites/SelectedSprite.png
  artifactKey: Guid(3b8369c3624cdb443afaf06a348d61c7) Importer(815301076,1909f56bfc062723c751e8b465ee728b)
Start importing Assets/UI/StateSprites/SelectedSprite.png using Guid(3b8369c3624cdb443afaf06a348d61c7) Importer(815301076,1909f56bfc062723c751e8b465ee728b)  -> (artifact id: '1b4314c5517c80fbe479b81bf4a08be5') in 0.011932 seconds
  Import took 0.015432 seconds .

========================================================================
Received Import Request.
  Time since last request: 0.000256 seconds.
  path: Assets/UI/Skins/Skins/Merssedes.png
  artifactKey: Guid(89d499f1aaa25fa4c8ff1dbd9ce6d6a5) Importer(815301076,1909f56bfc062723c751e8b465ee728b)
Start importing Assets/UI/Skins/Skins/Merssedes.png using Guid(89d499f1aaa25fa4c8ff1dbd9ce6d6a5) Importer(815301076,1909f56bfc062723c751e8b465ee728b)  -> (artifact id: '7aa816dfa2f4b2edce25c6ce7b6bb9d7') in 0.017342 seconds
  Import took 0.021245 seconds .

========================================================================
Received Import Request.
  Time since last request: 0.000318 seconds.
  path: Assets/UI/Skins/UISkins/Group 222.png
  artifactKey: Guid(93f8c26b9b1250a499468be5f02f6fce) Importer(815301076,1909f56bfc062723c751e8b465ee728b)
Start importing Assets/UI/Skins/UISkins/Group 222.png using Guid(93f8c26b9b1250a499468be5f02f6fce) Importer(815301076,1909f56bfc062723c751e8b465ee728b)  -> (artifact id: 'c551bb0890f9df4fd8dee400fa026911') in 0.013408 seconds
  Import took 0.017776 seconds .

========================================================================
Received Import Request.
  Time since last request: 0.000196 seconds.
  path: Assets/Icon/Icon.png
  artifactKey: Guid(3e6ab96d8dab8fc4fb71a8ba0c47a16d) Importer(815301076,1909f56bfc062723c751e8b465ee728b)
Start importing Assets/Icon/Icon.png using Guid(3e6ab96d8dab8fc4fb71a8ba0c47a16d) Importer(815301076,1909f56bfc062723c751e8b465ee728b)  -> (artifact id: '588d03ee9d7c64cc1ae86ed509083529') in 0.023198 seconds
  Import took 0.027520 seconds .

========================================================================
Received Import Request.
  Time since last request: 0.000226 seconds.
  path: Assets/Sprites/TakeColorSprites/Ellipse 15.png
  artifactKey: Guid(5a9d659c084a49a46841b0ab1b6fbc95) Importer(815301076,1909f56bfc062723c751e8b465ee728b)
Start importing Assets/Sprites/TakeColorSprites/Ellipse 15.png using Guid(5a9d659c084a49a46841b0ab1b6fbc95) Importer(815301076,1909f56bfc062723c751e8b465ee728b)  -> (artifact id: 'ec0002a6727c864573e17574a672619b') in 0.012672 seconds
  Import took 0.016479 seconds .

========================================================================
Received Import Request.
  Time since last request: 0.000232 seconds.
  path: Assets/UI/Skins/UISkins/Group 243.png
  artifactKey: Guid(cbd74fd0be273474693573879ef79f66) Importer(815301076,1909f56bfc062723c751e8b465ee728b)
Start importing Assets/UI/Skins/UISkins/Group 243.png using Guid(cbd74fd0be273474693573879ef79f66) Importer(815301076,1909f56bfc062723c751e8b465ee728b)  -> (artifact id: '5b00c1cb134dbf00e9660cb9b9d6bc7a') in 0.016419 seconds
  Import took 0.020610 seconds .

========================================================================
Received Import Request.
  Time since last request: 0.000344 seconds.
  path: Assets/UI/Skins/Skins/molecule.png
  artifactKey: Guid(af02185715c7fa842bc854760a037581) Importer(815301076,1909f56bfc062723c751e8b465ee728b)
Start importing Assets/UI/Skins/Skins/molecule.png using Guid(af02185715c7fa842bc854760a037581) Importer(815301076,1909f56bfc062723c751e8b465ee728b)  -> (artifact id: '92feec1c0ffd726689b363b6160d569f') in 0.016283 seconds
  Import took 0.020709 seconds .

========================================================================
Received Import Request.
  Time since last request: 0.000340 seconds.
  path: Assets/Particle/Ellipse 29.png
  artifactKey: Guid(8fcc0bf6767b15841bbf25d6f3be1486) Importer(815301076,1909f56bfc062723c751e8b465ee728b)
Start importing Assets/Particle/Ellipse 29.png using Guid(8fcc0bf6767b15841bbf25d6f3be1486) Importer(815301076,1909f56bfc062723c751e8b465ee728b)  -> (artifact id: '9792dde6262df156a1d26d3c137586da') in 0.017248 seconds
  Import took 0.021341 seconds .

========================================================================
Received Import Request.
  Time since last request: 0.000218 seconds.
  path: Assets/UI/Skins/UISkins/Group 225.png
  artifactKey: Guid(990b1691d8a612a4ca72ae9912b50afb) Importer(815301076,1909f56bfc062723c751e8b465ee728b)
Start importing Assets/UI/Skins/UISkins/Group 225.png using Guid(990b1691d8a612a4ca72ae9912b50afb) Importer(815301076,1909f56bfc062723c751e8b465ee728b)  -> (artifact id: 'e135f1e5a29863a112bafe338fb13ebd') in 0.014128 seconds
  Import took 0.017733 seconds .

========================================================================
Received Import Request.
  Time since last request: 0.000251 seconds.
  path: Assets/Particle/Defend 1.png
  artifactKey: Guid(37b841c54b02d9942815c69c1b6e1ae3) Importer(815301076,1909f56bfc062723c751e8b465ee728b)
Start importing Assets/Particle/Defend 1.png using Guid(37b841c54b02d9942815c69c1b6e1ae3) Importer(815301076,1909f56bfc062723c751e8b465ee728b)  -> (artifact id: '6d77b4e75d747677702b2b1ed749411a') in 0.014846 seconds
  Import took 0.019893 seconds .

========================================================================
Received Import Request.
  Time since last request: 0.000309 seconds.
  path: Assets/Sprites/TakeColorSprites/Ellipse 22.png
  artifactKey: Guid(46d1a09a85dedb44f8e14d53d1ba2c21) Importer(815301076,1909f56bfc062723c751e8b465ee728b)
Start importing Assets/Sprites/TakeColorSprites/Ellipse 22.png using Guid(46d1a09a85dedb44f8e14d53d1ba2c21) Importer(815301076,1909f56bfc062723c751e8b465ee728b)  -> (artifact id: 'bf8e4e6a67797b416732b7a7cdc2eb46') in 0.012546 seconds
  Import took 0.016789 seconds .

========================================================================
Received Import Request.
  Time since last request: 0.000335 seconds.
  path: Assets/UI/Skins/UISkins/Group 231.png
  artifactKey: Guid(f77aa77fd08d5ea43a5235eb3a91b274) Importer(815301076,1909f56bfc062723c751e8b465ee728b)
Start importing Assets/UI/Skins/UISkins/Group 231.png using Guid(f77aa77fd08d5ea43a5235eb3a91b274) Importer(815301076,1909f56bfc062723c751e8b465ee728b)  -> (artifact id: '9f1be10f761784775248c7e4d9ace727') in 0.012559 seconds
  Import took 0.016283 seconds .

========================================================================
Received Import Request.
  Time since last request: 0.000299 seconds.
  path: Assets/UI/Skins/UISkins/Group 236.png
  artifactKey: Guid(809e3a458ab842d4c86dc4996951cd6c) Importer(815301076,1909f56bfc062723c751e8b465ee728b)
Start importing Assets/UI/Skins/UISkins/Group 236.png using Guid(809e3a458ab842d4c86dc4996951cd6c) Importer(815301076,1909f56bfc062723c751e8b465ee728b)  -> (artifact id: '33f89a3acf190f4f2264f08c3a59ece9') in 0.015140 seconds
  Import took 0.019986 seconds .

========================================================================
Received Import Request.
  Time since last request: 0.000302 seconds.
  path: Assets/Particle/Defend 3.png
  artifactKey: Guid(90920917c9917d543934bd58ebe47a69) Importer(815301076,1909f56bfc062723c751e8b465ee728b)
Start importing Assets/Particle/Defend 3.png using Guid(90920917c9917d543934bd58ebe47a69) Importer(815301076,1909f56bfc062723c751e8b465ee728b)  -> (artifact id: '21f0d71b015843b326b7516391a6d57a') in 0.018661 seconds
  Import took 0.022891 seconds .

========================================================================
Received Import Request.
  Time since last request: 0.000219 seconds.
  path: Assets/UI/PressOkBtn.png
  artifactKey: Guid(218ec8e78964ead458f5553bb35e6eee) Importer(815301076,1909f56bfc062723c751e8b465ee728b)
Start importing Assets/UI/PressOkBtn.png using Guid(218ec8e78964ead458f5553bb35e6eee) Importer(815301076,1909f56bfc062723c751e8b465ee728b)  -> (artifact id: 'dfaaa40fd646a0c42885841146ccd2a7') in 0.015543 seconds
  Import took 0.019343 seconds .

========================================================================
Received Import Request.
  Time since last request: 0.000260 seconds.
  path: Assets/UI/Skins/UISkins/Group 229.png
  artifactKey: Guid(b75843fc9583e97438fc68e559e486b1) Importer(815301076,1909f56bfc062723c751e8b465ee728b)
Start importing Assets/UI/Skins/UISkins/Group 229.png using Guid(b75843fc9583e97438fc68e559e486b1) Importer(815301076,1909f56bfc062723c751e8b465ee728b)  -> (artifact id: '9f38c97d5cf574c89f2a2bf07e338387') in 0.012798 seconds
  Import took 0.016172 seconds .

========================================================================
Received Import Request.
  Time since last request: 0.000213 seconds.
  path: Assets/UI/Skins/Skins/Burger.png
  artifactKey: Guid(3b2cf2e69bf1d4549aa28ff2d95faec2) Importer(815301076,1909f56bfc062723c751e8b465ee728b)
Start importing Assets/UI/Skins/Skins/Burger.png using Guid(3b2cf2e69bf1d4549aa28ff2d95faec2) Importer(815301076,1909f56bfc062723c751e8b465ee728b)  -> (artifact id: '911b0b20d43c35f98bbad827c139da1c') in 0.016122 seconds
  Import took 0.021197 seconds .

========================================================================
Received Import Request.
  Time since last request: 0.000434 seconds.
  path: Assets/UI/PlayBtn.png
  artifactKey: Guid(a3b81d50a69ff3b48a364e912a031928) Importer(815301076,1909f56bfc062723c751e8b465ee728b)
Start importing Assets/UI/PlayBtn.png using Guid(a3b81d50a69ff3b48a364e912a031928) Importer(815301076,1909f56bfc062723c751e8b465ee728b)  -> (artifact id: '2348cb1b0c118af887eab83380046ffb') in 0.014656 seconds
  Import took 0.019570 seconds .

========================================================================
Received Import Request.
  Time since last request: 0.000263 seconds.
  path: Assets/UI/backgroundCol.png
  artifactKey: Guid(ebe065dc2090f944683144a1a1128a67) Importer(815301076,1909f56bfc062723c751e8b465ee728b)
Start importing Assets/UI/backgroundCol.png using Guid(ebe065dc2090f944683144a1a1128a67) Importer(815301076,1909f56bfc062723c751e8b465ee728b)  -> (artifact id: '28f1d7d8eb51b4ce201386c472625f2d') in 0.018972 seconds
  Import took 0.024849 seconds .

========================================================================
Received Import Request.
  Time since last request: 0.000327 seconds.
  path: Assets/UI/PauseBtn.png
  artifactKey: Guid(4aa1c6448c6c32b4c8ce1b016dd87be3) Importer(815301076,1909f56bfc062723c751e8b465ee728b)
Start importing Assets/UI/PauseBtn.png using Guid(4aa1c6448c6c32b4c8ce1b016dd87be3) Importer(815301076,1909f56bfc062723c751e8b465ee728b)  -> (artifact id: '1270464615d50e113e723990641e591a') in 0.014798 seconds
  Import took 0.018701 seconds .

========================================================================
Received Import Request.
  Time since last request: 0.000214 seconds.
  path: Assets/Sprites/TakeColorSprites/Frame.png
  artifactKey: Guid(9b40de0e9183e2e42be76d0f3e2990c0) Importer(815301076,1909f56bfc062723c751e8b465ee728b)
Start importing Assets/Sprites/TakeColorSprites/Frame.png using Guid(9b40de0e9183e2e42be76d0f3e2990c0) Importer(815301076,1909f56bfc062723c751e8b465ee728b)  -> (artifact id: '3577374685b2fc48144aa0b40410ab00') in 0.011971 seconds
  Import took 0.016300 seconds .

========================================================================
Received Import Request.
  Time since last request: 0.000217 seconds.
  path: Assets/Particle/Ellipse 1.png
  artifactKey: Guid(60d5a4842b7d5e14c9ba3186d6c4971b) Importer(815301076,1909f56bfc062723c751e8b465ee728b)
Start importing Assets/Particle/Ellipse 1.png using Guid(60d5a4842b7d5e14c9ba3186d6c4971b) Importer(815301076,1909f56bfc062723c751e8b465ee728b)  -> (artifact id: 'dd4b05bba0bdce9c28dc1c576582065d') in 0.011497 seconds
  Import took 0.016618 seconds .

========================================================================
Received Import Request.
  Time since last request: 0.000290 seconds.
  path: Assets/Sprites/TakeColorSprites/shield.png
  artifactKey: Guid(15911f5e39abda84bbdb9d976c7a256b) Importer(815301076,1909f56bfc062723c751e8b465ee728b)
Start importing Assets/Sprites/TakeColorSprites/shield.png using Guid(15911f5e39abda84bbdb9d976c7a256b) Importer(815301076,1909f56bfc062723c751e8b465ee728b)  -> (artifact id: 'b37b5c6cd9887598d82df41d5c2ddfa9') in 0.016891 seconds
  Import took 0.021920 seconds .

========================================================================
Received Import Request.
  Time since last request: 0.000219 seconds.
  path: Assets/UI/Skins/UISkins/Group 242.png
  artifactKey: Guid(dce43efac4fe1834db533906266654cb) Importer(815301076,1909f56bfc062723c751e8b465ee728b)
Start importing Assets/UI/Skins/UISkins/Group 242.png using Guid(dce43efac4fe1834db533906266654cb) Importer(815301076,1909f56bfc062723c751e8b465ee728b)  -> (artifact id: '6f0383a42aaf0bd08395ba5f63436d7a') in 0.017964 seconds
  Import took 0.023893 seconds .

========================================================================
Received Import Request.
  Time since last request: 0.000289 seconds.
  path: Assets/Particle/Rectangle 7.png
  artifactKey: Guid(98abe956455cfea438600beb63bd43ff) Importer(815301076,1909f56bfc062723c751e8b465ee728b)
Start importing Assets/Particle/Rectangle 7.png using Guid(98abe956455cfea438600beb63bd43ff) Importer(815301076,1909f56bfc062723c751e8b465ee728b)  -> (artifact id: 'bbb3a75dbe7393e9cda3165dc5036cc8') in 0.019518 seconds
  Import took 0.024618 seconds .

========================================================================
Received Import Request.
  Time since last request: 0.000332 seconds.
  path: Assets/UI/Skins/Skins/heart.png
  artifactKey: Guid(1bdfddf25b47fa446a2953935e6803eb) Importer(815301076,1909f56bfc062723c751e8b465ee728b)
Start importing Assets/UI/Skins/Skins/heart.png using Guid(1bdfddf25b47fa446a2953935e6803eb) Importer(815301076,1909f56bfc062723c751e8b465ee728b)  -> (artifact id: 'aa04b6bc64a86cf5343fd70ad9ee632f') in 0.018535 seconds
  Import took 0.022966 seconds .

========================================================================
Received Import Request.
  Time since last request: 0.000439 seconds.
  path: Assets/Particle/blue_ballon.png
  artifactKey: Guid(dfed2f80de8dc494f9698bfa87c8c79a) Importer(815301076,1909f56bfc062723c751e8b465ee728b)
Start importing Assets/Particle/blue_ballon.png using Guid(dfed2f80de8dc494f9698bfa87c8c79a) Importer(815301076,1909f56bfc062723c751e8b465ee728b)  -> (artifact id: '861e65639294f8e199c15300f7d58ccc') in 0.016985 seconds
  Import took 0.020630 seconds .

========================================================================
Received Import Request.
  Time since last request: 0.000255 seconds.
  path: Assets/UI/Skins/Skins/football.png
  artifactKey: Guid(5fbf62794d7a83b458d9e7b769b62f6b) Importer(815301076,1909f56bfc062723c751e8b465ee728b)
Start importing Assets/UI/Skins/Skins/football.png using Guid(5fbf62794d7a83b458d9e7b769b62f6b) Importer(815301076,1909f56bfc062723c751e8b465ee728b)  -> (artifact id: '97c7c484c3df7ccdca69f0d66c9a1206') in 0.013464 seconds
  Import took 0.018442 seconds .

========================================================================
Received Import Request.
  Time since last request: 0.000404 seconds.
  path: Assets/UI/EndGamePanel/Group 178.png
  artifactKey: Guid(464009656f621024a898cc77f3f2a692) Importer(815301076,1909f56bfc062723c751e8b465ee728b)
Start importing Assets/UI/EndGamePanel/Group 178.png using Guid(464009656f621024a898cc77f3f2a692) Importer(815301076,1909f56bfc062723c751e8b465ee728b)  -> (artifact id: '85738992463f9c80a999367101cc1e2f') in 0.015666 seconds
  Import took 0.019974 seconds .

========================================================================
Received Import Request.
  Time since last request: 0.000211 seconds.
  path: Assets/Particle/Start_point/Rectangle 273.png
  artifactKey: Guid(27285c1cb4ae25a419087ff19f11db09) Importer(815301076,1909f56bfc062723c751e8b465ee728b)
Start importing Assets/Particle/Start_point/Rectangle 273.png using Guid(27285c1cb4ae25a419087ff19f11db09) Importer(815301076,1909f56bfc062723c751e8b465ee728b)  -> (artifact id: '690d642cb76d3510309acee91029649e') in 0.015794 seconds
  Import took 0.019017 seconds .

========================================================================
Received Import Request.
  Time since last request: 0.000204 seconds.
  path: Assets/UI/Skins/UISkins/SecondSkin.png
  artifactKey: Guid(ab34f6701b9b59b4bbb14cf0f5525731) Importer(815301076,1909f56bfc062723c751e8b465ee728b)
Start importing Assets/UI/Skins/UISkins/SecondSkin.png using Guid(ab34f6701b9b59b4bbb14cf0f5525731) Importer(815301076,1909f56bfc062723c751e8b465ee728b)  -> (artifact id: '5043d62814d1c95f82130f76dac341ff') in 0.013939 seconds
  Import took 0.018013 seconds .

========================================================================
Received Import Request.
  Time since last request: 0.000209 seconds.
  path: Assets/UI/Frame.png
  artifactKey: Guid(2c04fd5586c209d4790d706e478362f4) Importer(815301076,1909f56bfc062723c751e8b465ee728b)
Start importing Assets/UI/Frame.png using Guid(2c04fd5586c209d4790d706e478362f4) Importer(815301076,1909f56bfc062723c751e8b465ee728b)  -> (artifact id: '1f18342e08ec1baccbf46413dc23dd2e') in 0.013829 seconds
  Import took 0.017824 seconds .

========================================================================
Received Import Request.
  Time since last request: 0.000251 seconds.
  path: Assets/UI/Skins/UISkins/Group 235.png
  artifactKey: Guid(de5a9d05ccfdc4b49bf8a9603a55baaf) Importer(815301076,1909f56bfc062723c751e8b465ee728b)
Start importing Assets/UI/Skins/UISkins/Group 235.png using Guid(de5a9d05ccfdc4b49bf8a9603a55baaf) Importer(815301076,1909f56bfc062723c751e8b465ee728b)  -> (artifact id: '7d6ca6ea7909cb4dff20ac46d674fb45') in 0.013966 seconds
  Import took 0.018549 seconds .

========================================================================
Received Import Request.
  Time since last request: 0.000239 seconds.
  path: Assets/UI/EndGamePanel/Rectangle 109.png
  artifactKey: Guid(192b7aab217053342a9b30118cd407b1) Importer(815301076,1909f56bfc062723c751e8b465ee728b)
Start importing Assets/UI/EndGamePanel/Rectangle 109.png using Guid(192b7aab217053342a9b30118cd407b1) Importer(815301076,1909f56bfc062723c751e8b465ee728b)  -> (artifact id: 'a43abf3fab8c36936eac125f654c8126') in 0.014616 seconds
  Import took 0.018406 seconds .

========================================================================
Received Import Request.
  Time since last request: 0.000233 seconds.
  path: Assets/Particle/Cometa/Ellipse 209 (1).png
  artifactKey: Guid(a0dbcd3a537ef8b46aaa526ecee1ee1e) Importer(815301076,1909f56bfc062723c751e8b465ee728b)
Start importing Assets/Particle/Cometa/Ellipse 209 (1).png using Guid(a0dbcd3a537ef8b46aaa526ecee1ee1e) Importer(815301076,1909f56bfc062723c751e8b465ee728b)  -> (artifact id: '732ad27a0700205e4c9258789f7144bc') in 0.015384 seconds
  Import took 0.020622 seconds .

========================================================================
Received Import Request.
  Time since last request: 0.000483 seconds.
  path: Assets/Particle/light.png
  artifactKey: Guid(059c1e6554f137d40bb886785a777eae) Importer(815301076,1909f56bfc062723c751e8b465ee728b)
Start importing Assets/Particle/light.png using Guid(059c1e6554f137d40bb886785a777eae) Importer(815301076,1909f56bfc062723c751e8b465ee728b)  -> (artifact id: '4907e0b69d45848eb604067bec44bbc9') in 0.012960 seconds
  Import took 0.017664 seconds .

========================================================================
Received Import Request.
  Time since last request: 0.000239 seconds.
  path: Assets/UI/Skins/UISkins/Group 239.png
  artifactKey: Guid(ad9c784e8c675a542a2ba210174ddccb) Importer(815301076,1909f56bfc062723c751e8b465ee728b)
Start importing Assets/UI/Skins/UISkins/Group 239.png using Guid(ad9c784e8c675a542a2ba210174ddccb) Importer(815301076,1909f56bfc062723c751e8b465ee728b)  -> (artifact id: 'fc2bf32789c3be8e4c99de0343455af6') in 0.013047 seconds
  Import took 0.016718 seconds .

========================================================================
Received Import Request.
  Time since last request: 0.000206 seconds.
  path: Assets/UI/closeBtn.png
  artifactKey: Guid(4b88fe199888f7845a3d1e9f9fa76ebe) Importer(815301076,1909f56bfc062723c751e8b465ee728b)
Start importing Assets/UI/closeBtn.png using Guid(4b88fe199888f7845a3d1e9f9fa76ebe) Importer(815301076,1909f56bfc062723c751e8b465ee728b)  -> (artifact id: 'dfebda9cf4ff08742aa0847722b5e281') in 0.020972 seconds
  Import took 0.024738 seconds .

========================================================================
Received Import Request.
  Time since last request: 0.000215 seconds.
  path: Assets/UI/Skins/Skins/flower.png
  artifactKey: Guid(41dc8100f0f0da642a22a5bc726e5f41) Importer(815301076,1909f56bfc062723c751e8b465ee728b)
Start importing Assets/UI/Skins/Skins/flower.png using Guid(41dc8100f0f0da642a22a5bc726e5f41) Importer(815301076,1909f56bfc062723c751e8b465ee728b)  -> (artifact id: '8b7c50304b7762e1c015e781d46cd1b7') in 0.015535 seconds
  Import took 0.019461 seconds .

========================================================================
Received Import Request.
  Time since last request: 0.000227 seconds.
  path: Assets/Sprites/DestroyObject.png
  artifactKey: Guid(b918874faa8a2cb45995b819ac676ac1) Importer(815301076,1909f56bfc062723c751e8b465ee728b)
Start importing Assets/Sprites/DestroyObject.png using Guid(b918874faa8a2cb45995b819ac676ac1) Importer(815301076,1909f56bfc062723c751e8b465ee728b)  -> (artifact id: 'c94fb56b2dc5676cfa1ca7ab61b1811e') in 0.009626 seconds
  Import took 0.013661 seconds .

========================================================================
Received Import Request.
  Time since last request: 0.000204 seconds.
  path: Assets/UI/HealthIcon.png
  artifactKey: Guid(91e973e150c2862479e7435123fcc1d2) Importer(815301076,1909f56bfc062723c751e8b465ee728b)
Start importing Assets/UI/HealthIcon.png using Guid(91e973e150c2862479e7435123fcc1d2) Importer(815301076,1909f56bfc062723c751e8b465ee728b)  -> (artifact id: '768e8ea095d0ec83bc071bfbdae8b9c0') in 0.017025 seconds
  Import took 0.021185 seconds .

========================================================================
Received Import Request.
  Time since last request: 0.000235 seconds.
  path: Assets/UI/Skins/Skins/messege.png
  artifactKey: Guid(88f7ba75c4b1d9b49a2bb521e7b31f67) Importer(815301076,1909f56bfc062723c751e8b465ee728b)
Start importing Assets/UI/Skins/Skins/messege.png using Guid(88f7ba75c4b1d9b49a2bb521e7b31f67) Importer(815301076,1909f56bfc062723c751e8b465ee728b)  -> (artifact id: '1b9c293e8ea1898a51170f2eca24eeca') in 0.016614 seconds
  Import took 0.020809 seconds .

========================================================================
Received Import Request.
  Time since last request: 0.000240 seconds.
  path: Assets/UI/Skins/Skins/gear.png
  artifactKey: Guid(238f41ae890df9047a983441e9601b61) Importer(815301076,1909f56bfc062723c751e8b465ee728b)
Start importing Assets/UI/Skins/Skins/gear.png using Guid(238f41ae890df9047a983441e9601b61) Importer(815301076,1909f56bfc062723c751e8b465ee728b)  -> (artifact id: 'c4ceab39b0b56218d66ca76a37712b9a') in 0.014733 seconds
  Import took 0.018271 seconds .

========================================================================
Received Import Request.
  Time since last request: 0.000257 seconds.
  path: Assets/Particle/Rectangle 210.png
  artifactKey: Guid(fb269fb5a0135184091e8f4d180066d7) Importer(815301076,1909f56bfc062723c751e8b465ee728b)
Start importing Assets/Particle/Rectangle 210.png using Guid(fb269fb5a0135184091e8f4d180066d7) Importer(815301076,1909f56bfc062723c751e8b465ee728b)  -> (artifact id: '1b3a67b3359fc90a5362dfbb39b40389') in 0.017407 seconds
  Import took 0.021372 seconds .

========================================================================
Received Import Request.
  Time since last request: 0.000356 seconds.
  path: Assets/UI/rectangle.png
  artifactKey: Guid(b41870e9bcae6d345b39e23e39b8ed6d) Importer(815301076,1909f56bfc062723c751e8b465ee728b)
Start importing Assets/UI/rectangle.png using Guid(b41870e9bcae6d345b39e23e39b8ed6d) Importer(815301076,1909f56bfc062723c751e8b465ee728b)  -> (artifact id: '5377ca4df21c274fb2f4b11ccd722133') in 0.014086 seconds
  Import took 0.018590 seconds .

========================================================================
Received Import Request.
  Time since last request: 0.000383 seconds.
  path: Assets/UI/Rectangle 106.png
  artifactKey: Guid(67f320a190ee69746a94f40dad9f4320) Importer(815301076,1909f56bfc062723c751e8b465ee728b)
Start importing Assets/UI/Rectangle 106.png using Guid(67f320a190ee69746a94f40dad9f4320) Importer(815301076,1909f56bfc062723c751e8b465ee728b)  -> (artifact id: '53d8ec44acab89917bb40d9bf0e4bc30') in 0.012207 seconds
  Import took 0.016645 seconds .

========================================================================
Received Import Request.
  Time since last request: 0.000217 seconds.
  path: Assets/UI/Skins/Skins/Group 191.png
  artifactKey: Guid(07f7cd4d6feee4b4082b4e2a0e93e364) Importer(815301076,1909f56bfc062723c751e8b465ee728b)
Start importing Assets/UI/Skins/Skins/Group 191.png using Guid(07f7cd4d6feee4b4082b4e2a0e93e364) Importer(815301076,1909f56bfc062723c751e8b465ee728b)  -> (artifact id: 'de475d70ebfa307f9f64d95bf6b51cdf') in 0.015755 seconds
  Import took 0.020688 seconds .

========================================================================
Received Import Request.
  Time since last request: 0.000322 seconds.
  path: Assets/UI/Skins/Skins/Life_ring.png
  artifactKey: Guid(4e7b04a158bc030449e0192ce8db18d6) Importer(815301076,1909f56bfc062723c751e8b465ee728b)
Start importing Assets/UI/Skins/Skins/Life_ring.png using Guid(4e7b04a158bc030449e0192ce8db18d6) Importer(815301076,1909f56bfc062723c751e8b465ee728b)  -> (artifact id: '0aabe576d450d42347c312ea0f35f32c') in 0.015914 seconds
  Import took 0.020121 seconds .

========================================================================
Received Import Request.
  Time since last request: 0.000212 seconds.
  path: Assets/Sprites/Android Large - 11.png
  artifactKey: Guid(8048307541addea4285c7bdd024de303) Importer(815301076,1909f56bfc062723c751e8b465ee728b)
Start importing Assets/Sprites/Android Large - 11.png using Guid(8048307541addea4285c7bdd024de303) Importer(815301076,1909f56bfc062723c751e8b465ee728b)  -> (artifact id: 'e4cc1c5fc49f9e715a86827fe47a4479') in 0.020901 seconds
  Import took 0.024382 seconds .

========================================================================
Received Import Request.
  Time since last request: 0.000238 seconds.
  path: Assets/Sprites/TakeColorSprites/Ellipse 19.png
  artifactKey: Guid(632eb535a9486944da51a19defa2c9f0) Importer(815301076,1909f56bfc062723c751e8b465ee728b)
Start importing Assets/Sprites/TakeColorSprites/Ellipse 19.png using Guid(632eb535a9486944da51a19defa2c9f0) Importer(815301076,1909f56bfc062723c751e8b465ee728b)  -> (artifact id: '10c35c380ba8a200284b8652e948a2c6') in 0.014828 seconds
  Import took 0.019143 seconds .

========================================================================
Received Import Request.
  Time since last request: 0.000319 seconds.
  path: Assets/UI/StateSprites/Locked.png
  artifactKey: Guid(e74f8ba91a0961d4fb7ad9493b6f8bac) Importer(815301076,1909f56bfc062723c751e8b465ee728b)
Start importing Assets/UI/StateSprites/Locked.png using Guid(e74f8ba91a0961d4fb7ad9493b6f8bac) Importer(815301076,1909f56bfc062723c751e8b465ee728b)  -> (artifact id: 'cf69a60eec179bf63273f08eada9cac9') in 0.013600 seconds
  Import took 0.019561 seconds .

========================================================================
Received Import Request.
  Time since last request: 0.000265 seconds.
  path: Assets/UI/Ellipse 27.png
  artifactKey: Guid(de3f2228b173b4f459ad434b64ab6879) Importer(815301076,1909f56bfc062723c751e8b465ee728b)
Start importing Assets/UI/Ellipse 27.png using Guid(de3f2228b173b4f459ad434b64ab6879) Importer(815301076,1909f56bfc062723c751e8b465ee728b)  -> (artifact id: '3acbcdcd388acce95359fd2ec4d8fc94') in 0.014044 seconds
  Import took 0.018887 seconds .

========================================================================
Received Import Request.
  Time since last request: 0.000299 seconds.
  path: Assets/UI/Skins/Skins/appal.png
  artifactKey: Guid(0645308388e338a428fa49a5c05f4107) Importer(815301076,1909f56bfc062723c751e8b465ee728b)
Start importing Assets/UI/Skins/Skins/appal.png using Guid(0645308388e338a428fa49a5c05f4107) Importer(815301076,1909f56bfc062723c751e8b465ee728b)  -> (artifact id: 'cf63402e25045a961954e0b797d48dcf') in 0.014627 seconds
  Import took 0.018778 seconds .

========================================================================
Received Import Request.
  Time since last request: 0.000232 seconds.
  path: Assets/UI/Skins/Skins/Rectangle 100.png
  artifactKey: Guid(01a8275ebe89877488bccabbe9a0adc2) Importer(815301076,1909f56bfc062723c751e8b465ee728b)
Start importing Assets/UI/Skins/Skins/Rectangle 100.png using Guid(01a8275ebe89877488bccabbe9a0adc2) Importer(815301076,1909f56bfc062723c751e8b465ee728b)  -> (artifact id: '3cdd60f5337b6b353d667548a56a0afd') in 0.013768 seconds
  Import took 0.018062 seconds .

========================================================================
Received Import Request.
  Time since last request: 0.000221 seconds.
  path: Assets/Sprites/TakeColorSprites/Ellipse 25.png
  artifactKey: Guid(9aeffc989577a0641805be833e8d3460) Importer(815301076,1909f56bfc062723c751e8b465ee728b)
Start importing Assets/Sprites/TakeColorSprites/Ellipse 25.png using Guid(9aeffc989577a0641805be833e8d3460) Importer(815301076,1909f56bfc062723c751e8b465ee728b)  -> (artifact id: '7c3efb03f17c83082985be97eb20a6d0') in 0.013140 seconds
  Import took 0.017059 seconds .

========================================================================
Received Import Request.
  Time since last request: 0.000211 seconds.
  path: Assets/Sprites/TakeColorSprites/Ellipse 21.png
  artifactKey: Guid(8e97522dcaa980546bbbef4cde7b7ac3) Importer(815301076,1909f56bfc062723c751e8b465ee728b)
Start importing Assets/Sprites/TakeColorSprites/Ellipse 21.png using Guid(8e97522dcaa980546bbbef4cde7b7ac3) Importer(815301076,1909f56bfc062723c751e8b465ee728b)  -> (artifact id: 'd4bb61ad23cdc3cf3b708896a73b5f70') in 0.018476 seconds
  Import took 0.023696 seconds .

========================================================================
Received Import Request.
  Time since last request: 0.000240 seconds.
  path: Assets/Particle/Cuboc.png
  artifactKey: Guid(9e61c8f823238924ea41786ed665ae23) Importer(815301076,1909f56bfc062723c751e8b465ee728b)
Start importing Assets/Particle/Cuboc.png using Guid(9e61c8f823238924ea41786ed665ae23) Importer(815301076,1909f56bfc062723c751e8b465ee728b)  -> (artifact id: '381c8cdf5df3f419a5848c9334920e72') in 0.015589 seconds
  Import took 0.019197 seconds .

========================================================================
Received Import Request.
  Time since last request: 0.396057 seconds.
  path: Assets/UI/Skins/Skins/shuriken.png
  artifactKey: Guid(9b09a4276e313af44802343b4df0c673) Importer(815301076,1909f56bfc062723c751e8b465ee728b)
Start importing Assets/UI/Skins/Skins/shuriken.png using Guid(9b09a4276e313af44802343b4df0c673) Importer(815301076,1909f56bfc062723c751e8b465ee728b)  -> (artifact id: 'f36d94f841ab3479a003d86c8ef46af6') in 0.016342 seconds
  Import took 0.020057 seconds .

========================================================================
Received Import Request.
  Time since last request: 0.000257 seconds.
  path: Assets/Sprites/background/Union (2).png
  artifactKey: Guid(ae1c856b6de9d0347a647d513546c781) Importer(815301076,1909f56bfc062723c751e8b465ee728b)
Start importing Assets/Sprites/background/Union (2).png using Guid(ae1c856b6de9d0347a647d513546c781) Importer(815301076,1909f56bfc062723c751e8b465ee728b)  -> (artifact id: '9a4838a0004d254c32aae22afc538eb5') in 0.011022 seconds
  Import took 0.014597 seconds .

========================================================================
Received Import Request.
  Time since last request: 0.000221 seconds.
  path: Assets/Sprites/background/Union (1).png
  artifactKey: Guid(7be2317c7df11e74998e58f891b8ca5a) Importer(815301076,1909f56bfc062723c751e8b465ee728b)
Start importing Assets/Sprites/background/Union (1).png using Guid(7be2317c7df11e74998e58f891b8ca5a) Importer(815301076,1909f56bfc062723c751e8b465ee728b)  -> (artifact id: 'c079b6d1564412477d5a90db1afd6bf7') in 0.014949 seconds
  Import took 0.018726 seconds .

========================================================================
Received Import Request.
  Time since last request: 0.000233 seconds.
  path: Assets/Sprites/background/Union (3).png
  artifactKey: Guid(f1cc1c50ba481244f81f5c1744f786c3) Importer(815301076,1909f56bfc062723c751e8b465ee728b)
Start importing Assets/Sprites/background/Union (3).png using Guid(f1cc1c50ba481244f81f5c1744f786c3) Importer(815301076,1909f56bfc062723c751e8b465ee728b)  -> (artifact id: '453575dd81c6b01813d57c3e7acf2858') in 0.015695 seconds
  Import took 0.020046 seconds .

========================================================================
Received Import Request.
  Time since last request: 0.000228 seconds.
  path: Assets/UI/EndGamePanel/Subtract.png
  artifactKey: Guid(a224bf0d9e9f5e74b8d2ba0287e6f94d) Importer(815301076,1909f56bfc062723c751e8b465ee728b)
Start importing Assets/UI/EndGamePanel/Subtract.png using Guid(a224bf0d9e9f5e74b8d2ba0287e6f94d) Importer(815301076,1909f56bfc062723c751e8b465ee728b)  -> (artifact id: '8a5ff0da55f4f15aaf201d298d5c303b') in 0.012615 seconds
  Import took 0.016074 seconds .

========================================================================
Received Import Request.
  Time since last request: 0.000245 seconds.
  path: Assets/Particle/Cometa/Vector 2.png
  artifactKey: Guid(ceef73a86497c444ba9df7cfb8e267af) Importer(815301076,1909f56bfc062723c751e8b465ee728b)
Start importing Assets/Particle/Cometa/Vector 2.png using Guid(ceef73a86497c444ba9df7cfb8e267af) Importer(815301076,1909f56bfc062723c751e8b465ee728b)  -> (artifact id: '3e94243c3d9728b6b347316b8a900148') in 0.012916 seconds
  Import took 0.016442 seconds .

========================================================================
Received Import Request.
  Time since last request: 0.000230 seconds.
  path: Assets/Sprites/background/yellowBallow.png
  artifactKey: Guid(c0385ab06b137c24eb99d0208638c1d7) Importer(815301076,1909f56bfc062723c751e8b465ee728b)
Start importing Assets/Sprites/background/yellowBallow.png using Guid(c0385ab06b137c24eb99d0208638c1d7) Importer(815301076,1909f56bfc062723c751e8b465ee728b)  -> (artifact id: 'dc4d7e6fb92315681bfd5ba88b1b9b2e') in 0.027111 seconds
  Import took 0.031182 seconds .

========================================================================
Received Import Request.
  Time since last request: 0.000226 seconds.
  path: Assets/Particle/Union (1).png
  artifactKey: Guid(eeb10273c8c9d6c4a8d5451b540f8e98) Importer(815301076,1909f56bfc062723c751e8b465ee728b)
Start importing Assets/Particle/Union (1).png using Guid(eeb10273c8c9d6c4a8d5451b540f8e98) Importer(815301076,1909f56bfc062723c751e8b465ee728b)  -> (artifact id: '1e7b92f1d0fe606c702d32be81299563') in 0.010861 seconds
  Import took 0.014932 seconds .

========================================================================
Received Import Request.
  Time since last request: 0.000237 seconds.
  path: Assets/Sprites/ .png
  artifactKey: Guid(a8806c848d00b324a9607c32e20792b1) Importer(815301076,1909f56bfc062723c751e8b465ee728b)
Start importing Assets/Sprites/ .png using Guid(a8806c848d00b324a9607c32e20792b1) Importer(815301076,1909f56bfc062723c751e8b465ee728b)  -> (artifact id: '37761bb3be68bf3b41099fea51cda638') in 0.014813 seconds
  Import took 0.018513 seconds .

========================================================================
Received Import Request.
  Time since last request: 0.000247 seconds.
  path: Assets/UI/Skins/Skins/Star 3.png
  artifactKey: Guid(952f72998e147e442b92781a20a481e2) Importer(815301076,1909f56bfc062723c751e8b465ee728b)
Start importing Assets/UI/Skins/Skins/Star 3.png using Guid(952f72998e147e442b92781a20a481e2) Importer(815301076,1909f56bfc062723c751e8b465ee728b)  -> (artifact id: '532c10f520b870767fd64020ac1ad004') in 0.012901 seconds
  Import took 0.016164 seconds .

========================================================================
Received Import Request.
  Time since last request: 0.000274 seconds.
  path: Assets/Sprites/background/sputnik.png
  artifactKey: Guid(d9142c273f515bb4eae2da60164f4d98) Importer(815301076,1909f56bfc062723c751e8b465ee728b)
Start importing Assets/Sprites/background/sputnik.png using Guid(d9142c273f515bb4eae2da60164f4d98) Importer(815301076,1909f56bfc062723c751e8b465ee728b)  -> (artifact id: '6d57e468e1a395049b4adfdc144c2125') in 0.013825 seconds
  Import took 0.017260 seconds .

========================================================================
Received Import Request.
  Time since last request: 0.000251 seconds.
  path: Assets/UI/Skins/Skins/wheel.png
  artifactKey: Guid(5a50ff631d89af248a2955293a99f607) Importer(815301076,1909f56bfc062723c751e8b465ee728b)
Start importing Assets/UI/Skins/Skins/wheel.png using Guid(5a50ff631d89af248a2955293a99f607) Importer(815301076,1909f56bfc062723c751e8b465ee728b)  -> (artifact id: '5ed0ab803cf61061ff468c6f774c70e2') in 0.016571 seconds
  Import took 0.020651 seconds .

========================================================================
Received Import Request.
  Time since last request: 0.000260 seconds.
  path: Assets/Particle/Union.png
  artifactKey: Guid(a98bec396731b7e4fa4e8dfa3d5d6694) Importer(815301076,1909f56bfc062723c751e8b465ee728b)
Start importing Assets/Particle/Union.png using Guid(a98bec396731b7e4fa4e8dfa3d5d6694) Importer(815301076,1909f56bfc062723c751e8b465ee728b)  -> (artifact id: '22de341d4c83890041bfd39dd74d7cc0') in 0.013206 seconds
  Import took 0.016852 seconds .

========================================================================
Received Import Request.
  Time since last request: 0.000196 seconds.
  path: Assets/Sprites/background/sputnic.png
  artifactKey: Guid(9cb1b5a76da4e5e4ab9f363ded9f2b85) Importer(815301076,1909f56bfc062723c751e8b465ee728b)
Start importing Assets/Sprites/background/sputnic.png using Guid(9cb1b5a76da4e5e4ab9f363ded9f2b85) Importer(815301076,1909f56bfc062723c751e8b465ee728b)  -> (artifact id: '7580a91b6f83f8444b97f1a2d650e8aa') in 0.020645 seconds
  Import took 0.024756 seconds .

========================================================================
Received Import Request.
  Time since last request: 0.000257 seconds.
  path: Assets/UI/Skins/Skins/Sun.png
  artifactKey: Guid(b3ba13fda933289498266778f3bc6676) Importer(815301076,1909f56bfc062723c751e8b465ee728b)
Start importing Assets/UI/Skins/Skins/Sun.png using Guid(b3ba13fda933289498266778f3bc6676) Importer(815301076,1909f56bfc062723c751e8b465ee728b)  -> (artifact id: '778d34367cc73ebfaf02e20fa1b66ce6') in 0.016425 seconds
  Import took 0.020592 seconds .

========================================================================
Received Import Request.
  Time since last request: 0.000277 seconds.
  path: Assets/Particle/Star.png
  artifactKey: Guid(3025d77f62c135847b3bdf36550ae8c4) Importer(815301076,1909f56bfc062723c751e8b465ee728b)
Start importing Assets/Particle/Star.png using Guid(3025d77f62c135847b3bdf36550ae8c4) Importer(815301076,1909f56bfc062723c751e8b465ee728b)  -> (artifact id: 'c638952dee4b7dd928fc0747e8061f98') in 0.012279 seconds
  Import took 0.016078 seconds .

========================================================================
Received Import Request.
  Time since last request: 0.000286 seconds.
  path: Assets/UI/StateSprites/UnlockSprite.png
  artifactKey: Guid(322c62758f4b1a446a48b04dc90aeec1) Importer(815301076,1909f56bfc062723c751e8b465ee728b)
Start importing Assets/UI/StateSprites/UnlockSprite.png using Guid(322c62758f4b1a446a48b04dc90aeec1) Importer(815301076,1909f56bfc062723c751e8b465ee728b)  -> (artifact id: '0e7c70f62cfed2d5cb465b238854c8e8') in 0.013701 seconds
  Import took 0.018379 seconds .

========================================================================
Received Import Request.
  Time since last request: 0.000230 seconds.
  path: Assets/UI/Skins/UISkins/ThirdSkin.png
  artifactKey: Guid(7a1eef9e56439424f9f062cbdf743fc8) Importer(815301076,1909f56bfc062723c751e8b465ee728b)
Start importing Assets/UI/Skins/UISkins/ThirdSkin.png using Guid(7a1eef9e56439424f9f062cbdf743fc8) Importer(815301076,1909f56bfc062723c751e8b465ee728b)  -> (artifact id: '108ad26614dcd0fb420108a05ab4676b') in 0.012403 seconds
  Import took 0.015638 seconds .

========================================================================
Received Import Request.
  Time since last request: 0.000232 seconds.
  path: Assets/UI/Sound.png
  artifactKey: Guid(c4c651e1b6285904fa8237fc6b7b7f70) Importer(815301076,1909f56bfc062723c751e8b465ee728b)
Start importing Assets/UI/Sound.png using Guid(c4c651e1b6285904fa8237fc6b7b7f70) Importer(815301076,1909f56bfc062723c751e8b465ee728b)  -> (artifact id: 'c621a5080a9c0b6de67d00efed4baec0') in 0.015744 seconds
  Import took 0.019312 seconds .

========================================================================
Received Import Request.
  Time since last request: 0.000210 seconds.
  path: Assets/UI/Skins/Skins/Snich.png
  artifactKey: Guid(3fd123d75aceeb84ba60a77d8df0e8da) Importer(815301076,1909f56bfc062723c751e8b465ee728b)
Start importing Assets/UI/Skins/Skins/Snich.png using Guid(3fd123d75aceeb84ba60a77d8df0e8da) Importer(815301076,1909f56bfc062723c751e8b465ee728b)  -> (artifact id: '453b5dd1f1c619fe5811f3c0e51d8453') in 0.016193 seconds
  Import took 0.020300 seconds .

========================================================================
Received Import Request.
  Time since last request: 0.000287 seconds.
  path: Assets/UI/EndGamePanel/Union.png
  artifactKey: Guid(7273d6258bf0bf542a3d904d61db7037) Importer(815301076,1909f56bfc062723c751e8b465ee728b)
Start importing Assets/UI/EndGamePanel/Union.png using Guid(7273d6258bf0bf542a3d904d61db7037) Importer(815301076,1909f56bfc062723c751e8b465ee728b)  -> (artifact id: 'ffc38cd950f6a5b45087df7a41edf349') in 0.014251 seconds
  Import took 0.018221 seconds .

========================================================================
Received Import Request.
  Time since last request: 0.000285 seconds.
  path: Assets/UI/Skin.png
  artifactKey: Guid(c255f70177ab0b147baaa91c47fe5291) Importer(815301076,1909f56bfc062723c751e8b465ee728b)
Start importing Assets/UI/Skin.png using Guid(c255f70177ab0b147baaa91c47fe5291) Importer(815301076,1909f56bfc062723c751e8b465ee728b)  -> (artifact id: '98beed75dcf4e752cb16c075750a1565') in 0.011099 seconds
  Import took 0.014738 seconds .

========================================================================
Received Prepare
Refreshing native plugins compatible for Editor in 3.46 ms, found 1 plugins.
Preloading 0 native plugins for Editor in 0.00 ms.
Unloading 20 Unused Serialized files (Serialized files now loaded: 0)
System memory in use before: 56.3 MB.
System memory in use after: 56.4 MB.

Unloading 20 unused Assets to reduce memory usage. Loaded Objects now: 2659.
Total: 3.381400 ms (FindLiveObjects: 0.327700 ms CreateObjectMapping: 0.051400 ms MarkObjects: 2.975000 ms  DeleteObjects: 0.025100 ms)

========================================================================
Received Prepare
Refreshing native plugins compatible for Editor in 3.50 ms, found 1 plugins.
Preloading 0 native plugins for Editor in 0.00 ms.
Unloading 20 Unused Serialized files (Serialized files now loaded: 0)
System memory in use before: 56.3 MB.
System memory in use after: 56.4 MB.

Unloading 20 unused Assets to reduce memory usage. Loaded Objects now: 2659.
Total: 3.302500 ms (FindLiveObjects: 0.357600 ms CreateObjectMapping: 0.109100 ms MarkObjects: 2.809300 ms  DeleteObjects: 0.024300 ms)

========================================================================
Received Prepare
Refreshing native plugins compatible for Editor in 3.17 ms, found 1 plugins.
Preloading 0 native plugins for Editor in 0.00 ms.
Unloading 20 Unused Serialized files (Serialized files now loaded: 0)
System memory in use before: 56.3 MB.
System memory in use after: 56.4 MB.

Unloading 20 unused Assets to reduce memory usage. Loaded Objects now: 2659.
Total: 3.599200 ms (FindLiveObjects: 0.681100 ms CreateObjectMapping: 0.134400 ms MarkObjects: 2.758600 ms  DeleteObjects: 0.022700 ms)

